<?xml version="1.0" encoding="UTF-8"?>
<!-- Generated by org.testng.reporters.JUnitXMLReporter -->
<testsuite ignored="0" hostname="SARAL-LAPTOP" failures="0" tests="4" name="Test1" time="64.588" errors="0" timestamp="2022-07-07T16:06:52 CST">
  <testcase classname="demo.multiplevalidation" name="verifymonsterpageTitle" time="0.24"/>
  <testcase classname="demo.multiplevalidation" name="veriftText" time="0.14"/>
  <testcase classname="demo.multiplevalidation" name="loginbtnvisible" time="1.358"/>
  <testcase classname="demo.multiplevalidation" name="searchbtnenable" time="0.089"/>
</testsuite> <!-- Test1 -->
