<?xml version="1.0" encoding="UTF-8"?>
<!-- Generated by org.testng.reporters.JUnitXMLReporter -->
<testsuite ignored="0" hostname="SARAL-LAPTOP" failures="0" tests="4" name="Test2" time="69.285" errors="0" timestamp="2022-07-07T16:06:56 CST">
  <testcase classname="demo.multiplevalidation" name="verifymonsterpageTitle" time="0.431"/>
  <testcase classname="demo.multiplevalidation" name="veriftText" time="0.566"/>
  <testcase classname="demo.multiplevalidation" name="loginbtnvisible" time="0.094"/>
  <testcase classname="demo.multiplevalidation" name="searchbtnenable" time="0.079"/>
</testsuite> <!-- Test2 -->
